2024-08-20 13:30:14 [INFO]: Incoming Request: GET /api/customers - Body: undefined
2024-08-20 13:30:15 [INFO]: Outgoing Response: GET /api/customers - Status: 200 - Response Time: 33ms - Body: [{"customerNumber":5,"customerName":"Acmed Corporation","contactLastName":"Doe","contactFirstName":"John","phone":"123-456-7890","addressLine1":"123 Main St","addressLine2":"Suite Norman 100","city":"Anytown","state":"CA","postalCode":"12345","country":"USA","salesRepEmployeeNumber":3,"creditLimit":50000},{"customerNumber":6,"customerName":"Initech LLC","contactLastName":"Doe","contactFirstName":"John","phone":"345-678-9012","addressLine1":"789 Maple Ave","addressLine2":"Suite Norman 100","city":"Anytown","state":"CA","postalCode":"12345","country":"USA","salesRepEmployeeNumber":1,"creditLimit":50000}]
2024-08-20 13:32:26 [INFO]: Incoming Request: GET /api/customersaaa - Body: undefined
2024-08-20 13:34:46 [INFO]: Incoming Request: GET /api/customersaaa - Body: undefined
2024-08-20 13:34:46 [INFO]: Outgoing Response: GET /api/customersaaa - Status: 404 - Response Time: 10ms - Body: {"status":"fail","message":"Can't find /api/customersaaa on this server"}
2024-08-20 13:34:54 [INFO]: Incoming Request: GET /api/customers - Body: undefined
2024-08-20 13:34:54 [INFO]: Outgoing Response: GET /api/customers - Status: 200 - Response Time: 26ms - Body: [{"customerNumber":5,"customerName":"Acmed Corporation","contactLastName":"Doe","contactFirstName":"John","phone":"123-456-7890","addressLine1":"123 Main St","addressLine2":"Suite Norman 100","city":"Anytown","state":"CA","postalCode":"12345","country":"USA","salesRepEmployeeNumber":3,"creditLimit":50000},{"customerNumber":6,"customerName":"Initech LLC","contactLastName":"Doe","contactFirstName":"John","phone":"345-678-9012","addressLine1":"789 Maple Ave","addressLine2":"Suite Norman 100","city":"Anytown","state":"CA","postalCode":"12345","country":"USA","salesRepEmployeeNumber":1,"creditLimit":50000}]
2024-08-20 13:50:32 [INFO]: Incoming Request: PUT /api/employees/3 - Body: undefined
2024-08-20 13:50:32 [INFO]: Outgoing Response: PUT /api/employees/3 - Status: 200 - Response Time: 71ms - Body: {"message":"Employee is updated successfully."}
2024-08-20 13:56:21 [INFO]: Incoming Request: PUT /api/employees/3 - Body: undefined
2024-08-20 13:56:21 [INFO]: Outgoing Response: PUT /api/employees/3 - Status: 400 - Response Time: 49ms - Body: {"status":"fail","errors":[{"field":"lastName","message":"lastName should not be changed"}]}
2024-08-20 15:20:02 [INFO]: Incoming Request: PUT /api/employees/3 - Body: undefined
2024-08-20 15:20:02 [INFO]: Outgoing Response: PUT /api/employees/3 - Status: 401 - Response Time: 24ms - Body: {"status":"fail","message":"Unauthorized"}
2024-08-20 15:20:38 [INFO]: Incoming Request: PUT /api/employees/3 - Body: undefined
2024-08-20 15:20:38 [INFO]: Outgoing Response: PUT /api/employees/3 - Status: 401 - Response Time: 28ms - Body: {"status":"fail","message":"Unauthorized"}
2024-08-20 15:33:56 [INFO]: Incoming Request: POST /api/users/login - Body: undefined
2024-08-20 15:33:57 [INFO]: Outgoing Response: POST /api/users/login - Status: 200 - Response Time: 363ms - Body: {"message":"Login successfully","token":"eyJhbGciOiJIUzI1NiIsInR5cCI6IkpXVCJ9.eyJ1c2VybmFtZSI6Imtlbnp5IiwiaWF0IjoxNzI0MTQyODM3LCJleHAiOjE3MjQxNDY0Mzd9.BHJVY_03LBvf5GpoiNatOLpYJ6MEtlwv1TpZWzai-f8"}
2024-08-20 15:34:02 [INFO]: Incoming Request: PUT /api/employees/3 - Body: undefined
2024-08-20 15:34:18 [INFO]: Incoming Request: PUT /api/employees/3 - Body: undefined
2024-08-20 15:34:18 [INFO]: Outgoing Response: PUT /api/employees/3 - Status: 400 - Response Time: 60ms - Body: {"status":"fail","code":"ERR_CELEBRATE_VALIDATION_FAILED","errors":[{"field":"lastName","message":"lastName should not be changed"}]}
2024-08-20 15:48:13 [INFO]: Incoming Request: PUT /api/employees/3 - Body: undefined
2024-08-20 15:48:13 [INFO]: Outgoing Response: PUT /api/employees/3 - Status: 400 - Response Time: 43ms - Body: {"status":"fail","code":"ERR_CELEBRATE_VALIDATION_FAILED","error":[{"field":"employeeNumber","message":"employeeNumber should not be changed"}]}
2024-08-20 16:10:55 [INFO]: Incoming Request: PUT /api/employees/3 - Body: undefined
2024-08-20 16:10:55 [INFO]: Outgoing Response: PUT /api/employees/3 - Status: 400 - Response Time: 40ms - Body: {"status":"fail","errorCode":"VALIDATION_ERROR","message":"Invalid request data","details":[{"field":"lastName","message":"lastName should not be changed"}],"timestamp":"2024-08-20T09:10:55.056Z","path":"/api/employees/3"}
2024-08-20 16:12:02 [INFO]: Incoming Request: PUT /api/employees/3 - Body: undefined
2024-08-20 16:12:02 [INFO]: Outgoing Response: PUT /api/employees/3 - Status: 400 - Response Time: 36ms - Body: {"status":"fail","errorCode":"VALIDATION_ERROR","message":"Invalid request data","details":[{"field":"lastName","message":"lastName should not be changed"}],"timestamp":"2024-08-20T09:12:02.422Z","path":"/api/employees/3"}
2024-08-20 16:12:11 [INFO]: Incoming Request: PUT /api/employees/3 - Body: undefined
2024-08-20 16:12:11 [INFO]: Outgoing Response: PUT /api/employees/3 - Status: undefined - Response Time: 2ms - Body: {"status":"error","message":"","details":null,"timestamp":"2024-08-20T09:12:11.392Z","path":"/api/employees/3"}
2024-08-20 16:13:05 [INFO]: Incoming Request: PUT /api/employees/3 - Body: undefined
2024-08-20 16:13:05 [INFO]: Outgoing Response: PUT /api/employees/3 - Status: 400 - Response Time: 9ms - Body: {"status":"fail","errorCode":"VALIDATION_ERROR","message":"Invalid request data","details":[{"field":"lastName","message":"lastName should not be changed"}],"timestamp":"2024-08-20T09:13:05.532Z","path":"/api/employees/3"}
2024-08-20 16:14:53 [INFO]: Incoming Request: PUT /api/employees/3 - Body: undefined
2024-08-20 16:14:53 [INFO]: Outgoing Response: PUT /api/employees/3 - Status: 400 - Response Time: 46ms - Body: {"status":"fail","errorCode":"VALIDATION_ERROR","message":"Invalid request data","details":[{"field":"lastName","message":"lastName should not be changed"}],"timestamp":"2024-08-20T09:14:53.403Z","path":"/api/employees/3"}
2024-08-20 16:14:59 [INFO]: Incoming Request: PUT /api/employees/3 - Body: undefined
2024-08-20 16:14:59 [INFO]: Outgoing Response: PUT /api/employees/3 - Status: 401 - Response Time: 3ms - Body: {"status":"fail","errorCode":"UNAUTHORIZED","message":"Invalid or expired token","details":null,"timestamp":"2024-08-20T09:14:59.550Z","path":"/api/employees/3"}
2024-08-20 16:15:58 [INFO]: Incoming Request: PUT /api/employees/3 - Body: undefined
2024-08-20 16:15:58 [INFO]: Outgoing Response: PUT /api/employees/3 - Status: 401 - Response Time: 28ms - Body: {"status":"fail","errorCode":"UNAUTHORIZED","message":"Invalid or expired token","details":null}
2024-08-20 16:16:05 [INFO]: Incoming Request: PUT /api/employees/3 - Body: undefined
2024-08-20 16:16:05 [INFO]: Outgoing Response: PUT /api/employees/3 - Status: 400 - Response Time: 18ms - Body: {"status":"fail","errorCode":"VALIDATION_ERROR","message":"Invalid request data","details":[{"field":"lastName","message":"lastName should not be changed"}]}
2024-08-20 16:16:15 [INFO]: Incoming Request: PUT /api/employees/3 - Body: undefined
2024-08-20 16:16:15 [INFO]: Outgoing Response: PUT /api/employees/3 - Status: 200 - Response Time: 15ms - Body: {"message":"Employee is updated successfully."}
2024-08-20 16:20:45 [INFO]: Incoming Request: POST /api/customers - Body: undefined
2024-08-20 16:20:45 [INFO]: Outgoing Response: POST /api/customers - Status: 400 - Response Time: 180ms - Body: {"status":"fail","errorCode":"VALIDATION_ERROR","message":"Invalid request data","details":[{"field":"contactFirstName","message":"\"contactFirstName\" length must be at least 3 characters long"}]}
2024-08-20 16:21:07 [INFO]: Incoming Request: POST /api/customers - Body: undefined
2024-08-20 16:21:07 [INFO]: Outgoing Response: POST /api/customers - Status: 200 - Response Time: 25ms - Body: {"message":"Customer is created successfully"}
2024-08-20 16:22:37 [INFO]: Incoming Request: POST /api/customersadfsdfsdfsdf - Body: undefined
2024-08-20 16:22:37 [INFO]: Outgoing Response: POST /api/customersadfsdfsdfsdf - Status: undefined - Response Time: 1ms - Body: {"status":"error","message":"","details":null}
2024-08-20 16:25:20 [INFO]: Incoming Request: POST /api/customersadfsdfsdfsdf - Body: undefined
2024-08-20 16:25:20 [INFO]: Outgoing Response: POST /api/customersadfsdfsdfsdf - Status: undefined - Response Time: 30ms - Body: {"status":"error","message":"","details":null}
2024-08-20 16:29:14 [INFO]: Incoming Request: POST /api/customersadfsdfsdfsdf - Body: undefined
2024-08-20 16:29:14 [INFO]: Outgoing Response: POST /api/customersadfsdfsdfsdf - Status: 500 - Response Time: 23ms - Body: {"status":"error","message":"","details":null}
2024-08-20 16:32:15 [INFO]: Incoming Request: POST /api/customersadfsdfsdfsdf - Body: undefined
2024-08-20 16:32:15 [INFO]: Outgoing Response: POST /api/customersadfsdfsdfsdf - Status: 500 - Response Time: 29ms - Body: {"status":"error","message":""}
2024-08-20 16:33:45 [INFO]: Incoming Request: POST /api/customersadfsdfsdfsdf - Body: undefined
2024-08-20 16:33:45 [INFO]: Outgoing Response: POST /api/customersadfsdfsdfsdf - Status: 404 - Response Time: 33ms - Body: {"status":"fail","message":"Can't find /api/customersadfsdfsdfsdf on this server"}
2024-08-20 16:34:53 [INFO]: Incoming Request: POST /api/customersadfsdfsdfsdf - Body: undefined
2024-08-20 16:34:53 [INFO]: Outgoing Response: POST /api/customersadfsdfsdfsdf - Status: 404 - Response Time: 29ms - Body: {"status":"fail","errorCode":"ROUTE_NOT_FOUND","message":"Can't find /api/customersadfsdfsdfsdf on this server","details":null}
2024-08-20 16:35:33 [INFO]: Incoming Request: PUT /api/employees/3 - Body: undefined
2024-08-20 16:35:34 [INFO]: Outgoing Response: PUT /api/employees/3 - Status: 500 - Response Time: 11ms - Body: {"status":"error","message":"[object Object]","details":null}
2024-08-20 16:36:26 [INFO]: Incoming Request: PUT /api/employees/3 - Body: undefined
2024-08-20 16:36:26 [INFO]: Outgoing Response: PUT /api/employees/3 - Status: 500 - Response Time: 6ms - Body: {"status":"error","message":"[object Object]","details":null}
2024-08-20 16:38:14 [INFO]: Incoming Request: PUT /api/employees/3 - Body: undefined
2024-08-20 16:38:14 [INFO]: Outgoing Response: PUT /api/employees/3 - Status: 500 - Response Time: 29ms - Body: {"status":"error","message":"[object Object]","details":null}
2024-08-20 16:38:51 [INFO]: Incoming Request: PUT /api/employees/3 - Body: undefined
2024-08-20 16:38:51 [INFO]: Outgoing Response: PUT /api/employees/3 - Status: 500 - Response Time: 4ms - Body: {"status":"error","message":"[object Object]","details":null}
2024-08-20 16:39:02 [INFO]: Incoming Request: PUT /api/employees/3 - Body: undefined
2024-08-20 16:39:02 [INFO]: Outgoing Response: PUT /api/employees/3 - Status: 500 - Response Time: 4ms - Body: {"status":"error","message":"[object Object]","details":null}
2024-08-20 16:39:12 [INFO]: Incoming Request: PUT /api/employees/3 - Body: undefined
2024-08-20 16:39:12 [INFO]: Outgoing Response: PUT /api/employees/3 - Status: 500 - Response Time: 2ms - Body: {"status":"error","message":"[object Object]","details":null}
2024-08-20 16:39:50 [INFO]: Incoming Request: PUT /api/employees/3 - Body: undefined
2024-08-20 16:39:50 [INFO]: Outgoing Response: PUT /api/employees/3 - Status: 500 - Response Time: 25ms - Body: {"status":"error","message":"[object Object]","details":null}
2024-08-20 16:44:08 [INFO]: Incoming Request: PUT /api/employees/3 - Body: undefined
2024-08-20 16:44:08 [INFO]: Outgoing Response: PUT /api/employees/3 - Status: undefined - Response Time: 26ms - Body: {"status":"error","errorCode":"OPERATIONAL_ERROR","message":"[object Object]","details":null}
2024-08-20 16:46:00 [INFO]: Incoming Request: PUT /api/employees/3 - Body: undefined
2024-08-20 16:46:00 [INFO]: Outgoing Response: PUT /api/employees/3 - Status: 500 - Response Time: 23ms - Body: {"status":"error","message":"[object Object]"}
2024-08-20 16:47:59 [INFO]: Incoming Request: PUT /api/employees/3 - Body: undefined
2024-08-20 16:47:59 [INFO]: Outgoing Response: PUT /api/employees/3 - Status: 401 - Response Time: 25ms - Body: {"status":"fail","message":"Invalid or expired token"}
2024-08-20 16:48:41 [INFO]: Incoming Request: PUT /api/employees/3asdaasd - Body: undefined
2024-08-20 16:48:41 [INFO]: Outgoing Response: PUT /api/employees/3asdaasd - Status: 401 - Response Time: 31ms - Body: {"status":"fail","message":"Invalid or expired token"}
2024-08-20 16:49:02 [INFO]: Incoming Request: POST /api/users/login - Body: undefined
2024-08-20 16:49:03 [INFO]: Outgoing Response: POST /api/users/login - Status: 200 - Response Time: 282ms - Body: {"message":"Login successfully","token":"eyJhbGciOiJIUzI1NiIsInR5cCI6IkpXVCJ9.eyJ1c2VybmFtZSI6Imtlbnp5IiwiaWF0IjoxNzI0MTQ3MzQzLCJleHAiOjE3MjQxNTA5NDN9.uTpRghzvYPbPAVDQ3JoRrvNWGwGuRjRp1ca98LPexCg"}
2024-08-20 16:49:06 [INFO]: Incoming Request: PUT /api/employees/3s - Body: undefined
2024-08-20 16:49:06 [INFO]: Outgoing Response: PUT /api/employees/3s - Status: 400 - Response Time: 8ms - Body: {"status":"fail","errors":[{"field":"lastName","message":"lastName should not be changed"}]}
2024-08-20 16:49:29 [INFO]: Incoming Request: PUT /api/employees/3 - Body: undefined
2024-08-20 16:49:29 [INFO]: Outgoing Response: PUT /api/employees/3 - Status: 400 - Response Time: 9ms - Body: {"status":"fail","errors":[{"field":"lastName","message":"lastName should not be changed"}]}
2024-08-20 17:29:54 [INFO]: Incoming Request: POST /api/users/loginsss - Body: undefined
2024-08-20 17:29:54 [INFO]: Outgoing Response: POST /api/users/loginsss - Status: 404 - Response Time: 22ms - Body: {"status":"fail","message":"Can't find /api/users/loginsss on this server"}
2024-08-20 17:30:01 [INFO]: Incoming Request: POST /api/users/loginsss - Body: undefined
2024-08-20 17:30:01 [INFO]: Outgoing Response: POST /api/users/loginsss - Status: 404 - Response Time: 2ms - Body: {"status":"fail","message":"Can't find /api/users/loginsss on this server"}
2024-08-20 17:31:18 [INFO]: Incoming Request: POST /api/users/loginsss - Body: undefined
2024-08-20 17:31:18 [INFO]: Outgoing Response: POST /api/users/loginsss - Status: 404 - Response Time: 18ms - Body: {"status":"fail","errorCode":"ROUTE_NOT_FOUND","message":"Can't find /api/users/loginsss on this server"}
2024-08-20 17:31:45 [INFO]: Incoming Request: POST /api/users/loginsss - Body: undefined
2024-08-20 17:31:45 [INFO]: Outgoing Response: POST /api/users/loginsss - Status: 404 - Response Time: 18ms - Body: {"status":"fail","errorCode":"ROUTE_NOT_FOUND","message":"Can't find /api/users/loginsss on this server"}
2024-08-20 17:32:02 [INFO]: Incoming Request: POST /api/users/loginsss - Body: undefined
2024-08-20 17:32:02 [INFO]: Outgoing Response: POST /api/users/loginsss - Status: 404 - Response Time: 2ms - Body: {"status":"fail","errorCode":"ROUTE_NOT_FOUND","message":"Can't find /api/users/loginsss on this server"}
2024-08-20 17:32:20 [INFO]: Incoming Request: POST /api/users/loginsss - Body: undefined
2024-08-20 17:32:20 [INFO]: Outgoing Response: POST /api/users/loginsss - Status: 404 - Response Time: 49ms - Body: {"status":"fail","errorCode":"ROUTE_NOT_FOUND","message":"Can't find /api/users/loginsss on this server"}
2024-08-20 17:32:31 [INFO]: Incoming Request: POST /api/users/loginsss - Body: undefined
2024-08-20 17:32:31 [INFO]: Outgoing Response: POST /api/users/loginsss - Status: 404 - Response Time: 27ms - Body: {"status":"fail","errorCode":"ROUTE_NOT_FOUND","message":"Can't find /api/users/loginsss on this server","details":null}
2024-08-20 17:32:50 [INFO]: Incoming Request: POST /api/users/login - Body: undefined
2024-08-20 17:32:50 [INFO]: Outgoing Response: POST /api/users/login - Status: 500 - Response Time: 31ms - Body: {"status":"error","message":"Wrong username or password","details":null}
2024-08-20 17:34:43 [INFO]: Incoming Request: POST /api/users/login - Body: undefined
2024-08-20 17:34:43 [INFO]: Outgoing Response: POST /api/users/login - Status: 404 - Response Time: 28ms - Body: {"status":"fail","errorCode":"NOT_FOUND","message":"Wrong username or password","details":null}
2024-08-20 17:36:57 [INFO]: Incoming Request: POST /api/users/login - Body: undefined
2024-08-20 17:36:57 [INFO]: Outgoing Response: POST /api/users/login - Status: 404 - Response Time: 27ms - Body: {"status":"fail","errorCode":"NOT_FOUND","message":"Wrong username or password","details":null}
2024-08-20 17:37:03 [INFO]: Incoming Request: POST /api/users/login - Body: undefined
2024-08-20 17:37:03 [INFO]: Outgoing Response: POST /api/users/login - Status: 404 - Response Time: 280ms - Body: {"status":"fail","errorCode":"NOT_FOUND","message":"Wrong username or password","details":null}
2024-08-20 17:37:10 [INFO]: Incoming Request: POST /api/users/login - Body: undefined
2024-08-20 17:37:10 [INFO]: Outgoing Response: POST /api/users/login - Status: 200 - Response Time: 255ms - Body: {"message":"Login successfully","token":"eyJhbGciOiJIUzI1NiIsInR5cCI6IkpXVCJ9.eyJ1c2VybmFtZSI6Imtlbnp5IiwiaWF0IjoxNzI0MTUwMjMwLCJleHAiOjE3MjQxNTM4MzB9.zSnU6CVBgb3foar-otRKtUtTdDonGA2vyJuAXrYw498"}
2024-08-20 17:37:24 [INFO]: Incoming Request: GET /api/customersss - Body: undefined
2024-08-20 17:37:24 [INFO]: Outgoing Response: GET /api/customersss - Status: 404 - Response Time: 1ms - Body: {"status":"fail","errorCode":"ROUTE_NOT_FOUND","message":"Can't find /api/customersss on this server","details":null}
2024-08-20 17:37:27 [INFO]: Incoming Request: GET /api/customers - Body: undefined
2024-08-20 17:37:27 [INFO]: Outgoing Response: GET /api/customers - Status: 200 - Response Time: 15ms - Body: [{"customerNumber":5,"customerName":"Acmed Corporation","contactLastName":"Doe","contactFirstName":"John","phone":"123-456-7890","addressLine1":"123 Main St","addressLine2":"Suite Norman 100","city":"Anytown","state":"CA","postalCode":"12345","country":"USA","salesRepEmployeeNumber":3,"creditLimit":50000},{"customerNumber":9,"customerName":"Initech LLC","contactLastName":"Doe","contactFirstName":"John","phone":"345-678-9012","addressLine1":"789 Maple Ave","addressLine2":"Suite Norman 100","city":"Anytown","state":"CA","postalCode":"12345","country":"USA","salesRepEmployeeNumber":3,"creditLimit":50000}]
2024-08-20 17:37:42 [INFO]: Incoming Request: GET /api/employees/4 - Body: undefined
2024-08-20 17:37:42 [INFO]: Outgoing Response: GET /api/employees/4 - Status: 500 - Response Time: 7ms - Body: {"status":"error","message":"Employee is not found","details":null}
2024-08-20 17:39:06 [INFO]: Incoming Request: GET /api/employees/4 - Body: undefined
2024-08-20 17:39:06 [INFO]: Outgoing Response: GET /api/employees/4 - Status: 404 - Response Time: 28ms - Body: {"status":"fail","errorCode":"NOT_FOUND","message":"Employee is not found","details":null}
2024-08-20 17:39:15 [INFO]: Incoming Request: GET /api/employees/5 - Body: undefined
2024-08-20 17:39:15 [INFO]: Outgoing Response: GET /api/employees/5 - Status: 404 - Response Time: 8ms - Body: {"status":"fail","errorCode":"NOT_FOUND","message":"Employee is not found","details":null}
2024-08-20 17:39:19 [INFO]: Incoming Request: GET /api/employees/1 - Body: undefined
2024-08-20 17:39:19 [INFO]: Outgoing Response: GET /api/employees/1 - Status: 200 - Response Time: 6ms - Body: {"employeeNumber":1,"lastName":"ToBa","firstName":"Nghi","extension":"x123","email":"tobanghi2002hp@gmail.com","officeCode":"1","reportsTo":1,"jobTitle":"President"}
2024-08-20 17:39:34 [INFO]: Incoming Request: POST /api/employees - Body: undefined
2024-08-20 17:39:34 [INFO]: Outgoing Response: POST /api/employees - Status: 400 - Response Time: 25ms - Body: {"status":"fail","errors":[{"field":"lastName","message":"lastName should not be changed"}]}
2024-08-20 17:41:13 [INFO]: Incoming Request: POST /api/employees - Body: undefined
2024-08-20 17:41:13 [INFO]: Outgoing Response: POST /api/employees - Status: 400 - Response Time: 32ms - Body: {"status":"fail","message":"Validation failed","details":[{"field":"lastName","message":"lastName should not be changed"}]}
2024-08-20 17:41:44 [INFO]: Incoming Request: POST /api/employees - Body: undefined
2024-08-20 17:41:44 [INFO]: Outgoing Response: POST /api/employees - Status: 400 - Response Time: 43ms - Body: {"status":"fail","message":"Validation failed","details":[{"field":"lastName","message":"lastName should not be changed"}]}
2024-08-20 17:42:34 [INFO]: Incoming Request: POST /api/employees - Body: undefined
2024-08-20 17:42:34 [INFO]: Outgoing Response: POST /api/employees - Status: 400 - Response Time: 63ms - Body: {"status":"fail","errorCode":"VALIDATION_FAILED","message":"Validation failed","details":[{"field":"lastName","message":"lastName should not be changed"}]}
2024-08-20 17:48:29 [INFO]: Incoming Request: POST /api/employees - Body: undefined
2024-08-20 17:48:29 [INFO]: Outgoing Response: POST /api/employees - Status: 200 - Response Time: 45ms - Body: {"message":"Employee is created successfully."}
2024-08-20 17:48:51 [INFO]: Incoming Request: POST /api/employees2 - Body: undefined
2024-08-20 17:48:51 [INFO]: Outgoing Response: POST /api/employees2 - Status: 404 - Response Time: 2ms - Body: {"status":"fail","errorCode":"ROUTE_NOT_FOUND","message":"Can't find /api/employees2 on this server","details":null}
2024-08-20 17:49:04 [INFO]: Incoming Request: PUT /api/employees/3 - Body: undefined
2024-08-20 17:49:04 [INFO]: Outgoing Response: PUT /api/employees/3 - Status: 400 - Response Time: 9ms - Body: {"status":"fail","errorCode":"VALIDATION_FAILED","message":"Validation failed","details":[{"field":"lastName","message":"lastName should not be changed"}]}
2024-08-20 17:49:18 [INFO]: Incoming Request: PUT /api/employees/3 - Body: undefined
2024-08-20 17:49:18 [INFO]: Outgoing Response: PUT /api/employees/3 - Status: 200 - Response Time: 9ms - Body: {"message":"Employee is updated successfully."}
2024-08-20 17:57:25 [INFO]: Incoming Request: POST /api/users/register - Body: undefined
2024-08-20 17:57:25 [INFO]: Outgoing Response: POST /api/users/register - Status: 400 - Response Time: 316ms - Body: {"status":"fail","errorCode":"BAD_REQUEST","message":"Employee number is invalid","details":null}
2024-08-20 17:57:42 [INFO]: Incoming Request: POST /api/users/registerasdasd - Body: undefined
2024-08-20 17:57:42 [INFO]: Outgoing Response: POST /api/users/registerasdasd - Status: 400 - Response Time: 3ms - Body: {"status":400,"message":"Unexpected token '}', ...\"umber\": \r\n}\" is not valid JSON","details":null}
2024-08-20 17:57:50 [INFO]: Incoming Request: POST /api/users/registerasdasd - Body: undefined
2024-08-20 17:57:50 [INFO]: Outgoing Response: POST /api/users/registerasdasd - Status: 404 - Response Time: 2ms - Body: {"status":"fail","errorCode":"ROUTE_NOT_FOUND","message":"Can't find /api/users/registerasdasd on this server","details":null}
2024-08-20 17:57:55 [INFO]: Incoming Request: POST /api/users/register - Body: undefined
2024-08-20 17:57:55 [INFO]: Outgoing Response: POST /api/users/register - Status: 400 - Response Time: 292ms - Body: {"status":"fail","errorCode":"BAD_REQUEST","message":"Employee number is invalid","details":null}
2024-08-20 17:58:00 [INFO]: Incoming Request: POST /api/users/register - Body: undefined
2024-08-20 17:58:00 [INFO]: Outgoing Response: POST /api/users/register - Status: 200 - Response Time: 283ms - Body: {"message":"User created successfully"}
2024-08-20 18:00:08 [INFO]: Incoming Request: POST /api/users/login - Body: undefined
2024-08-20 18:00:08 [INFO]: Outgoing Response: POST /api/users/login - Status: 404 - Response Time: 283ms - Body: {"status":"fail","errorCode":"NOT_FOUND","message":"Wrong username or password","details":null}
2024-08-20 18:00:52 [INFO]: Incoming Request: POST /api/users/login - Body: undefined
2024-08-20 18:00:52 [INFO]: Outgoing Response: POST /api/users/login - Status: 400 - Response Time: 267ms - Body: {"status":"fail","errorCode":"BAD_REQUEST","message":"Wrong username or password","details":null}
2024-08-20 18:01:33 [INFO]: Incoming Request: POST /api/users/login - Body: undefined
2024-08-20 18:01:33 [INFO]: Outgoing Response: POST /api/users/login - Status: 200 - Response Time: 258ms - Body: {"message":"Login successfully","token":"eyJhbGciOiJIUzI1NiIsInR5cCI6IkpXVCJ9.eyJ1c2VybmFtZSI6Imtlbnp5IiwiaWF0IjoxNzI0MTUxNjkzLCJleHAiOjE3MjQxNTUyOTN9.1SFH3sgAoIjIhHdxleSM1usWOj3KZtygGP68PXrdIRU"}
2024-08-20 18:04:21 [INFO]: Incoming Request: GET /api/employees - Body: undefined
2024-08-20 18:04:21 [INFO]: Outgoing Response: GET /api/employees - Status: 200 - Response Time: 17ms - Body: [{"employeeNumber":1,"lastName":"ToBa","firstName":"Nghi","extension":"x123","email":"tobanghi2002hp@gmail.com","officeCode":"1","reportsTo":1,"jobTitle":"President"}]
2024-08-20 18:04:54 [INFO]: Incoming Request: GET /api/employees - Body: undefined
2024-08-20 18:04:54 [INFO]: Outgoing Response: GET /api/employees - Status: 403 - Response Time: 9ms - Body: {"status":"fail","errorCode":"ACCESS_DENIED","message":"Access Denied","details":null}
2024-08-20 18:09:14 [INFO]: Incoming Request: GET /api/employees - Body: undefined
2024-08-20 18:09:14 [INFO]: Outgoing Response: GET /api/employees - Status: 403 - Response Time: 24ms - Body: {"status":"fail","errorCode":"ACCESS_DENIED","message":"No permission to this data","details":null}
2024-08-20 18:09:36 [INFO]: Incoming Request: GET /api/employees - Body: undefined
2024-08-20 18:09:36 [INFO]: Outgoing Response: GET /api/employees - Status: 403 - Response Time: 23ms - Body: {"status":"fail","errorCode":"ACCESS_DENIED","message":"No permission to access this data","details":null}
2024-08-20 18:13:59 [INFO]: Incoming Request: GET /api/employees - Body: undefined
2024-08-20 18:14:31 [INFO]: Incoming Request: GET /api/employees - Body: undefined
2024-08-20 18:14:31 [INFO]: Outgoing Response: GET /api/employees - Status: 403 - Response Time: 20ms - Body: {"status":"fail","errorCode":"ACCESS_DENIED","message":"No permission to access this data","details":null}
